<?xml version="1.0" encoding="UTF-8"?>
<testsuite xmlns:xsi="http://www.w3.org/2001/XMLSchema-instance" xsi:noNamespaceSchemaLocation="https://maven.apache.org/surefire/maven-surefire-plugin/xsd/surefire-test-report.xsd" name="com.gmail.semih.ui.utils.converters.LocalTimeConverterTest" time="0.003" tests="1" errors="0" skipped="0" failures="0">
  <properties>
    <property name="sun.desktop" value="windows"/>
    <property name="awt.toolkit" value="sun.awt.windows.WToolkit"/>
    <property name="file.encoding.pkg" value="sun.io"/>
    <property name="java.specification.version" value="1.8"/>
    <property name="sun.cpu.isalist" value="amd64"/>
    <property name="sun.jnu.encoding" value="Cp1252"/>
    <property name="java.class.path" value="D:\OneDrive\JavaWorkspace\SewTeam\terminreservierungssystem\ccnn\target\test-classes;D:\OneDrive\JavaWorkspace\SewTeam\terminreservierungssystem\ccnn\target\classes;C:\Users\enach\.m2\repository\javax\servlet\javax.servlet-api\3.1.0\javax.servlet-api-3.1.0.jar;C:\Users\enach\.m2\repository\commons-logging\commons-logging\1.1.1\commons-logging-1.1.1.jar;C:\Users\enach\.m2\repository\com\h2database\h2\1.4.197\h2-1.4.197.jar;C:\Users\enach\.m2\repository\com\vaadin\vaadin\10.0.0.rc1\vaadin-10.0.0.rc1.jar;C:\Users\enach\.m2\repository\com\vaadin\vaadin-core\10.0.0.rc1\vaadin-core-10.0.0.rc1.jar;C:\Users\enach\.m2\repository\com\vaadin\flow-push\1.0.0.rc1\flow-push-1.0.0.rc1.jar;C:\Users\enach\.m2\repository\com\vaadin\external\atmosphere\atmosphere-runtime\2.4.24.vaadin1\atmosphere-runtime-2.4.24.vaadin1.jar;C:\Users\enach\.m2\repository\com\vaadin\external\slf4j\vaadin-slf4j-jdk14\1.6.1\vaadin-slf4j-jdk14-1.6.1.jar;C:\Users\enach\.m2\repository\com\vaadin\flow-client\1.0.0.rc1\flow-client-1.0.0.rc1.jar;C:\Users\enach\.m2\repository\com\vaadin\flow-html-components\1.0.0.rc1\flow-html-components-1.0.0.rc1.jar;C:\Users\enach\.m2\repository\com\vaadin\vaadin-lumo-theme\1.0.0.rc1\vaadin-lumo-theme-1.0.0.rc1.jar;C:\Users\enach\.m2\repository\org\webjars\bowergithub\vaadin\vaadin-lumo-styles\1.0.0\vaadin-lumo-styles-1.0.0.jar;C:\Users\enach\.m2\repository\org\webjars\bowergithub\polymerelements\iron-icon\2.1.0\iron-icon-2.1.0.jar;C:\Users\enach\.m2\repository\org\webjars\bowergithub\polymerelements\iron-flex-layout\2.0.3\iron-flex-layout-2.0.3.jar;C:\Users\enach\.m2\repository\org\webjars\bowergithub\polymerelements\iron-meta\2.1.1\iron-meta-2.1.1.jar;C:\Users\enach\.m2\repository\org\webjars\bowergithub\polymerelements\iron-iconset-svg\2.2.1\iron-iconset-svg-2.2.1.jar;C:\Users\enach\.m2\repository\com\vaadin\vaadin-button-flow\1.0.0.rc1\vaadin-button-flow-1.0.0.rc1.jar;C:\Users\enach\.m2\repository\org\webjars\bowergithub\vaadin\vaadin-button\2.0.1\vaadin-button-2.0.1.jar;C:\Users\enach\.m2\repository\org\webjars\bowergithub\vaadin\vaadin-control-state-mixin\2.0.3\vaadin-control-state-mixin-2.0.3.jar;C:\Users\enach\.m2\repository\com\vaadin\vaadin-checkbox-flow\1.0.0.rc1\vaadin-checkbox-flow-1.0.0.rc1.jar;C:\Users\enach\.m2\repository\org\webjars\bowergithub\vaadin\vaadin-checkbox\2.1.1\vaadin-checkbox-2.1.1.jar;C:\Users\enach\.m2\repository\com\vaadin\vaadin-combo-box-flow\1.0.0.rc1\vaadin-combo-box-flow-1.0.0.rc1.jar;C:\Users\enach\.m2\repository\org\webjars\bowergithub\vaadin\vaadin-combo-box\4.0.1\vaadin-combo-box-4.0.1.jar;C:\Users\enach\.m2\repository\org\webjars\bowergithub\polymerelements\iron-a11y-announcer\2.1.0\iron-a11y-announcer-2.1.0.jar;C:\Users\enach\.m2\repository\org\webjars\bowergithub\polymerelements\iron-a11y-keys-behavior\2.1.1\iron-a11y-keys-behavior-2.1.1.jar;C:\Users\enach\.m2\repository\org\webjars\bowergithub\vaadin\vaadin-item\2.0.0\vaadin-item-2.0.0.jar;C:\Users\enach\.m2\repository\org\webjars\bowergithub\vaadin\vaadin-overlay\3.0.3\vaadin-overlay-3.0.3.jar;C:\Users\enach\.m2\repository\org\webjars\bowergithub\polymerelements\iron-overlay-behavior\2.3.4\iron-overlay-behavior-2.3.4.jar;C:\Users\enach\.m2\repository\org\webjars\bowergithub\polymerelements\iron-fit-behavior\2.2.0\iron-fit-behavior-2.2.0.jar;C:\Users\enach\.m2\repository\com\vaadin\vaadin-date-picker-flow\1.0.0.rc2\vaadin-date-picker-flow-1.0.0.rc2.jar;C:\Users\enach\.m2\repository\org\webjars\bowergithub\vaadin\vaadin-date-picker\3.0.1\vaadin-date-picker-3.0.1.jar;C:\Users\enach\.m2\repository\org\webjars\bowergithub\polymerelements\iron-media-query\2.1.0\iron-media-query-2.1.0.jar;C:\Users\enach\.m2\repository\com\vaadin\vaadin-dialog-flow\1.0.0.rc1\vaadin-dialog-flow-1.0.0.rc1.jar;C:\Users\enach\.m2\repository\org\webjars\bowergithub\vaadin\vaadin-dialog\2.0.2\vaadin-dialog-2.0.2.jar;C:\Users\enach\.m2\repository\com\vaadin\vaadin-form-layout-flow\1.0.0.rc1\vaadin-form-layout-flow-1.0.0.rc1.jar;C:\Users\enach\.m2\repository\org\webjars\bowergithub\vaadin\vaadin-form-layout\2.0.1\vaadin-form-layout-2.0.1.jar;C:\Users\enach\.m2\repository\com\vaadin\vaadin-grid-flow\1.0.0.rc1\vaadin-grid-flow-1.0.0.rc1.jar;C:\Users\enach\.m2\repository\org\webjars\bowergithub\vaadin\vaadin-grid\5.0.4\vaadin-grid-5.0.4.jar;C:\Users\enach\.m2\repository\org\webjars\bowergithub\polymerelements\iron-scroll-target-behavior\2.1.1\iron-scroll-target-behavior-2.1.1.jar;C:\Users\enach\.m2\repository\org\apache\commons\commons-lang3\3.7\commons-lang3-3.7.jar;C:\Users\enach\.m2\repository\com\vaadin\vaadin-icons-flow\1.0.0.rc1\vaadin-icons-flow-1.0.0.rc1.jar;C:\Users\enach\.m2\repository\org\webjars\bowergithub\vaadin\vaadin-icons\4.1.4\vaadin-icons-4.1.4.jar;C:\Users\enach\.m2\repository\com\vaadin\vaadin-iron-list-flow\1.0.0.rc1\vaadin-iron-list-flow-1.0.0.rc1.jar;C:\Users\enach\.m2\repository\org\webjars\bowergithub\polymerelements\iron-list\2.0.12\iron-list-2.0.12.jar;C:\Users\enach\.m2\repository\com\vaadin\vaadin-list-box-flow\1.0.0.rc1\vaadin-list-box-flow-1.0.0.rc1.jar;C:\Users\enach\.m2\repository\org\webjars\bowergithub\vaadin\vaadin-list-box\1.0.2\vaadin-list-box-1.0.2.jar;C:\Users\enach\.m2\repository\org\webjars\bowergithub\vaadin\vaadin-list-mixin\2.0.0\vaadin-list-mixin-2.0.0.jar;C:\Users\enach\.m2\repository\com\vaadin\vaadin-ordered-layout-flow\1.0.0.rc1\vaadin-ordered-layout-flow-1.0.0.rc1.jar;C:\Users\enach\.m2\repository\org\webjars\bowergithub\vaadin\vaadin-ordered-layout\1.0.2\vaadin-ordered-layout-1.0.2.jar;C:\Users\enach\.m2\repository\com\vaadin\vaadin-progress-bar-flow\1.0.0.rc1\vaadin-progress-bar-flow-1.0.0.rc1.jar;C:\Users\enach\.m2\repository\org\webjars\bowergithub\vaadin\vaadin-progress-bar\1.0.0\vaadin-progress-bar-1.0.0.jar;C:\Users\enach\.m2\repository\com\vaadin\vaadin-radio-button-flow\1.0.0.rc1\vaadin-radio-button-flow-1.0.0.rc1.jar;C:\Users\enach\.m2\repository\org\webjars\bowergithub\vaadin\vaadin-radio-button\1.0.1\vaadin-radio-button-1.0.1.jar;C:\Users\enach\.m2\repository\com\vaadin\vaadin-split-layout-flow\1.0.0.rc1\vaadin-split-layout-flow-1.0.0.rc1.jar;C:\Users\enach\.m2\repository\org\webjars\bowergithub\vaadin\vaadin-split-layout\4.0.0\vaadin-split-layout-4.0.0.jar;C:\Users\enach\.m2\repository\com\vaadin\vaadin-tabs-flow\1.0.0.rc1\vaadin-tabs-flow-1.0.0.rc1.jar;C:\Users\enach\.m2\repository\org\webjars\bowergithub\vaadin\vaadin-tabs\2.0.0\vaadin-tabs-2.0.0.jar;C:\Users\enach\.m2\repository\com\vaadin\vaadin-text-field-flow\1.0.0.rc1\vaadin-text-field-flow-1.0.0.rc1.jar;C:\Users\enach\.m2\repository\org\webjars\bowergithub\vaadin\vaadin-text-field\2.0.1\vaadin-text-field-2.0.1.jar;C:\Users\enach\.m2\repository\com\vaadin\vaadin-upload-flow\1.0.0.rc1\vaadin-upload-flow-1.0.0.rc1.jar;C:\Users\enach\.m2\repository\org\webjars\bowergithub\vaadin\vaadin-upload\4.0.0\vaadin-upload-4.0.0.jar;C:\Users\enach\.m2\repository\com\vaadin\vaadin-notification-flow\1.0.0.rc1\vaadin-notification-flow-1.0.0.rc1.jar;C:\Users\enach\.m2\repository\org\webjars\bowergithub\vaadin\vaadin-notification\1.0.0\vaadin-notification-1.0.0.jar;C:\Users\enach\.m2\repository\com\vaadin\vaadin-charts-flow\6.0.0.rc1\vaadin-charts-flow-6.0.0.rc1.jar;C:\Users\enach\.m2\repository\com\vaadin\webjar\vaadin-charts\6.0.1\vaadin-charts-6.0.1.jar;C:\Users\enach\.m2\repository\org\webjars\bowergithub\vaadin\license-checker\2.0.1\license-checker-2.0.1.jar;C:\Users\enach\.m2\repository\org\webjars\bowergithub\vaadin\vaadin-themable-mixin\1.1.6\vaadin-themable-mixin-1.1.6.jar;C:\Users\enach\.m2\repository\org\webjars\bowergithub\vaadin\vaadin-element-mixin\1.0.2\vaadin-element-mixin-1.0.2.jar;C:\Users\enach\.m2\repository\org\webjars\bowergithub\vaadin\vaadin-usage-statistics\1.0.8\vaadin-usage-statistics-1.0.8.jar;C:\Users\enach\.m2\repository\org\webjars\bowergithub\vaadin\vaadin-development-mode-detector\1.0.3\vaadin-development-mode-detector-1.0.3.jar;C:\Users\enach\.m2\repository\com\fasterxml\jackson\core\jackson-databind\2.9.5\jackson-databind-2.9.5.jar;C:\Users\enach\.m2\repository\com\fasterxml\jackson\core\jackson-annotations\2.9.0\jackson-annotations-2.9.0.jar;C:\Users\enach\.m2\repository\com\fasterxml\jackson\core\jackson-core\2.9.5\jackson-core-2.9.5.jar;C:\Users\enach\.m2\repository\com\vaadin\vaadin-board-flow\2.0.0.rc1\vaadin-board-flow-2.0.0.rc1.jar;C:\Users\enach\.m2\repository\com\vaadin\webjar\vaadin-board\2.0.0\vaadin-board-2.0.0.jar;C:\Users\enach\.m2\repository\org\webjars\bowergithub\polymerelements\iron-resizable-behavior\2.1.0\iron-resizable-behavior-2.1.0.jar;C:\Users\enach\.m2\repository\com\vaadin\vaadin-spring\10.0.0.rc1\vaadin-spring-10.0.0.rc1.jar;C:\Users\enach\.m2\repository\com\vaadin\flow-server\1.0.0.rc1\flow-server-1.0.0.rc1.jar;C:\Users\enach\.m2\repository\org\slf4j\slf4j-api\1.7.25\slf4j-api-1.7.25.jar;C:\Users\enach\.m2\repository\com\google\gwt\gwt-elemental\2.8.2\gwt-elemental-2.8.2.jar;C:\Users\enach\.m2\repository\commons-fileupload\commons-fileupload\1.3.3\commons-fileupload-1.3.3.jar;C:\Users\enach\.m2\repository\commons-io\commons-io\2.5\commons-io-2.5.jar;C:\Users\enach\.m2\repository\org\jsoup\jsoup\1.10.3\jsoup-1.10.3.jar;C:\Users\enach\.m2\repository\com\helger\ph-css\6.1.1\ph-css-6.1.1.jar;C:\Users\enach\.m2\repository\com\helger\ph-commons\9.0.2\ph-commons-9.0.2.jar;C:\Users\enach\.m2\repository\com\google\code\findbugs\jsr305\3.0.2\jsr305-3.0.2.jar;C:\Users\enach\.m2\repository\net\bytebuddy\byte-buddy\1.7.11\byte-buddy-1.7.11.jar;C:\Users\enach\.m2\repository\com\googlecode\gentyref\gentyref\1.2.0\gentyref-1.2.0.jar;C:\Users\enach\.m2\repository\org\springframework\spring-webmvc\5.0.6.RELEASE\spring-webmvc-5.0.6.RELEASE.jar;C:\Users\enach\.m2\repository\org\springframework\spring-websocket\5.0.6.RELEASE\spring-websocket-5.0.6.RELEASE.jar;C:\Users\enach\.m2\repository\org\vaadin\artur\spring-data-provider\2.0.0\spring-data-provider-2.0.0.jar;C:\Users\enach\.m2\repository\com\vaadin\flow-data\1.0.0.rc1\flow-data-1.0.0.rc1.jar;C:\Users\enach\.m2\repository\javax\validation\validation-api\2.0.1.Final\validation-api-2.0.1.Final.jar;C:\Users\enach\.m2\repository\org\webjars\bowergithub\polymerelements\iron-form\2.1.3\iron-form-2.1.3.jar;C:\Users\enach\.m2\repository\org\webjars\bowergithub\polymer\polymer\2.6.0\polymer-2.6.0.jar;C:\Users\enach\.m2\repository\org\webjars\bowergithub\webcomponents\shadycss\1.2.1\shadycss-1.2.1.jar;C:\Users\enach\.m2\repository\org\webjars\bowergithub\webcomponents\webcomponentsjs\1.2.0\webcomponentsjs-1.2.0.jar;C:\Users\enach\.m2\repository\org\webjars\bowergithub\polymerelements\iron-ajax\2.1.3\iron-ajax-2.1.3.jar;C:\Users\enach\.m2\repository\org\springframework\boot\spring-boot\2.0.2.RELEASE\spring-boot-2.0.2.RELEASE.jar;C:\Users\enach\.m2\repository\org\springframework\spring-core\5.0.6.RELEASE\spring-core-5.0.6.RELEASE.jar;C:\Users\enach\.m2\repository\org\springframework\spring-jcl\5.0.6.RELEASE\spring-jcl-5.0.6.RELEASE.jar;C:\Users\enach\.m2\repository\org\springframework\spring-context\5.0.6.RELEASE\spring-context-5.0.6.RELEASE.jar;C:\Users\enach\.m2\repository\org\springframework\boot\spring-boot-autoconfigure\2.0.2.RELEASE\spring-boot-autoconfigure-2.0.2.RELEASE.jar;C:\Users\enach\.m2\repository\org\springframework\boot\spring-boot-starter-data-jpa\2.0.2.RELEASE\spring-boot-starter-data-jpa-2.0.2.RELEASE.jar;C:\Users\enach\.m2\repository\org\springframework\boot\spring-boot-starter\2.0.2.RELEASE\spring-boot-starter-2.0.2.RELEASE.jar;C:\Users\enach\.m2\repository\org\springframework\boot\spring-boot-starter-logging\2.0.2.RELEASE\spring-boot-starter-logging-2.0.2.RELEASE.jar;C:\Users\enach\.m2\repository\ch\qos\logback\logback-classic\1.2.3\logback-classic-1.2.3.jar;C:\Users\enach\.m2\repository\ch\qos\logback\logback-core\1.2.3\logback-core-1.2.3.jar;C:\Users\enach\.m2\repository\org\apache\logging\log4j\log4j-to-slf4j\2.10.0\log4j-to-slf4j-2.10.0.jar;C:\Users\enach\.m2\repository\org\apache\logging\log4j\log4j-api\2.10.0\log4j-api-2.10.0.jar;C:\Users\enach\.m2\repository\org\slf4j\jul-to-slf4j\1.7.25\jul-to-slf4j-1.7.25.jar;C:\Users\enach\.m2\repository\org\yaml\snakeyaml\1.19\snakeyaml-1.19.jar;C:\Users\enach\.m2\repository\org\springframework\boot\spring-boot-starter-aop\2.0.2.RELEASE\spring-boot-starter-aop-2.0.2.RELEASE.jar;C:\Users\enach\.m2\repository\org\aspectj\aspectjweaver\1.8.13\aspectjweaver-1.8.13.jar;C:\Users\enach\.m2\repository\org\springframework\boot\spring-boot-starter-jdbc\2.0.2.RELEASE\spring-boot-starter-jdbc-2.0.2.RELEASE.jar;C:\Users\enach\.m2\repository\com\zaxxer\HikariCP\2.7.9\HikariCP-2.7.9.jar;C:\Users\enach\.m2\repository\org\springframework\spring-jdbc\5.0.6.RELEASE\spring-jdbc-5.0.6.RELEASE.jar;C:\Users\enach\.m2\repository\org\hibernate\hibernate-core\5.2.17.Final\hibernate-core-5.2.17.Final.jar;C:\Users\enach\.m2\repository\org\jboss\logging\jboss-logging\3.3.2.Final\jboss-logging-3.3.2.Final.jar;C:\Users\enach\.m2\repository\org\hibernate\javax\persistence\hibernate-jpa-2.1-api\1.0.0.Final\hibernate-jpa-2.1-api-1.0.0.Final.jar;C:\Users\enach\.m2\repository\org\javassist\javassist\3.22.0-GA\javassist-3.22.0-GA.jar;C:\Users\enach\.m2\repository\antlr\antlr\2.7.7\antlr-2.7.7.jar;C:\Users\enach\.m2\repository\org\jboss\jandex\2.0.3.Final\jandex-2.0.3.Final.jar;C:\Users\enach\.m2\repository\com\fasterxml\classmate\1.3.4\classmate-1.3.4.jar;C:\Users\enach\.m2\repository\dom4j\dom4j\1.6.1\dom4j-1.6.1.jar;C:\Users\enach\.m2\repository\org\hibernate\common\hibernate-commons-annotations\5.0.1.Final\hibernate-commons-annotations-5.0.1.Final.jar;C:\Users\enach\.m2\repository\javax\transaction\javax.transaction-api\1.2\javax.transaction-api-1.2.jar;C:\Users\enach\.m2\repository\org\springframework\data\spring-data-jpa\2.0.7.RELEASE\spring-data-jpa-2.0.7.RELEASE.jar;C:\Users\enach\.m2\repository\org\springframework\data\spring-data-commons\2.0.7.RELEASE\spring-data-commons-2.0.7.RELEASE.jar;C:\Users\enach\.m2\repository\org\springframework\spring-orm\5.0.6.RELEASE\spring-orm-5.0.6.RELEASE.jar;C:\Users\enach\.m2\repository\org\springframework\spring-tx\5.0.6.RELEASE\spring-tx-5.0.6.RELEASE.jar;C:\Users\enach\.m2\repository\org\springframework\spring-aspects\5.0.6.RELEASE\spring-aspects-5.0.6.RELEASE.jar;C:\Users\enach\.m2\repository\org\springframework\spring-web\5.0.6.RELEASE\spring-web-5.0.6.RELEASE.jar;C:\Users\enach\.m2\repository\org\springframework\spring-beans\5.0.6.RELEASE\spring-beans-5.0.6.RELEASE.jar;C:\Users\enach\.m2\repository\org\springframework\boot\spring-boot-starter-tomcat\2.0.2.RELEASE\spring-boot-starter-tomcat-2.0.2.RELEASE.jar;C:\Users\enach\.m2\repository\javax\annotation\javax.annotation-api\1.3.2\javax.annotation-api-1.3.2.jar;C:\Users\enach\.m2\repository\org\apache\tomcat\embed\tomcat-embed-core\8.5.31\tomcat-embed-core-8.5.31.jar;C:\Users\enach\.m2\repository\org\apache\tomcat\embed\tomcat-embed-el\8.5.31\tomcat-embed-el-8.5.31.jar;C:\Users\enach\.m2\repository\org\apache\tomcat\embed\tomcat-embed-websocket\8.5.31\tomcat-embed-websocket-8.5.31.jar;C:\Users\enach\.m2\repository\org\springframework\security\spring-security-web\5.0.5.RELEASE\spring-security-web-5.0.5.RELEASE.jar;C:\Users\enach\.m2\repository\org\springframework\security\spring-security-core\5.0.5.RELEASE\spring-security-core-5.0.5.RELEASE.jar;C:\Users\enach\.m2\repository\org\springframework\spring-aop\5.0.6.RELEASE\spring-aop-5.0.6.RELEASE.jar;C:\Users\enach\.m2\repository\org\springframework\spring-expression\5.0.6.RELEASE\spring-expression-5.0.6.RELEASE.jar;C:\Users\enach\.m2\repository\org\springframework\security\spring-security-config\5.0.5.RELEASE\spring-security-config-5.0.5.RELEASE.jar;C:\Users\enach\.m2\repository\org\springframework\boot\spring-boot-starter-web\2.0.2.RELEASE\spring-boot-starter-web-2.0.2.RELEASE.jar;C:\Users\enach\.m2\repository\org\springframework\boot\spring-boot-starter-json\2.0.2.RELEASE\spring-boot-starter-json-2.0.2.RELEASE.jar;C:\Users\enach\.m2\repository\com\fasterxml\jackson\datatype\jackson-datatype-jdk8\2.9.5\jackson-datatype-jdk8-2.9.5.jar;C:\Users\enach\.m2\repository\com\fasterxml\jackson\datatype\jackson-datatype-jsr310\2.9.5\jackson-datatype-jsr310-2.9.5.jar;C:\Users\enach\.m2\repository\com\fasterxml\jackson\module\jackson-module-parameter-names\2.9.5\jackson-module-parameter-names-2.9.5.jar;C:\Users\enach\.m2\repository\org\hibernate\validator\hibernate-validator\6.0.9.Final\hibernate-validator-6.0.9.Final.jar;C:\Users\enach\.m2\repository\javax\xml\bind\jaxb-api\2.3.0\jaxb-api-2.3.0.jar;C:\Users\enach\.m2\repository\org\reactivestreams\reactive-streams\1.0.2\reactive-streams-1.0.2.jar;C:\Users\enach\.m2\repository\com\vaadin\vaadin-testbench\10.0.0.rc1\vaadin-testbench-10.0.0.rc1.jar;C:\Users\enach\.m2\repository\com\vaadin\vaadin-testbench-core\6.0.0.rc1\vaadin-testbench-core-6.0.0.rc1.jar;C:\Users\enach\.m2\repository\org\seleniumhq\selenium\selenium-server\3.11.0\selenium-server-3.11.0.jar;C:\Users\enach\.m2\repository\org\seleniumhq\selenium\selenium-api\3.11.0\selenium-api-3.11.0.jar;C:\Users\enach\.m2\repository\org\seleniumhq\selenium\selenium-chrome-driver\3.11.0\selenium-chrome-driver-3.11.0.jar;C:\Users\enach\.m2\repository\org\seleniumhq\selenium\selenium-edge-driver\3.11.0\selenium-edge-driver-3.11.0.jar;C:\Users\enach\.m2\repository\org\seleniumhq\selenium\selenium-firefox-driver\3.11.0\selenium-firefox-driver-3.11.0.jar;C:\Users\enach\.m2\repository\org\seleniumhq\selenium\selenium-ie-driver\3.11.0\selenium-ie-driver-3.11.0.jar;C:\Users\enach\.m2\repository\org\seleniumhq\selenium\selenium-opera-driver\3.11.0\selenium-opera-driver-3.11.0.jar;C:\Users\enach\.m2\repository\org\seleniumhq\selenium\selenium-safari-driver\3.11.0\selenium-safari-driver-3.11.0.jar;C:\Users\enach\.m2\repository\org\seleniumhq\selenium\selenium-support\3.11.0\selenium-support-3.11.0.jar;C:\Users\enach\.m2\repository\com\beust\jcommander\1.72\jcommander-1.72.jar;C:\Users\enach\.m2\repository\org\apache\commons\commons-exec\1.3\commons-exec-1.3.jar;C:\Users\enach\.m2\repository\org\apache\commons\commons-text\1.1\commons-text-1.1.jar;C:\Users\enach\.m2\repository\commons-codec\commons-codec\1.11\commons-codec-1.11.jar;C:\Users\enach\.m2\repository\commons-net\commons-net\3.6\commons-net-3.6.jar;C:\Users\enach\.m2\repository\org\w3c\css\sac\1.3\sac-1.3.jar;C:\Users\enach\.m2\repository\net\sourceforge\cssparser\cssparser\0.9.24\cssparser-0.9.24.jar;C:\Users\enach\.m2\repository\com\google\code\gson\gson\2.8.4\gson-2.8.4.jar;C:\Users\enach\.m2\repository\com\google\guava\guava\23.6-jre\guava-23.6-jre.jar;C:\Users\enach\.m2\repository\org\checkerframework\checker-compat-qual\2.0.0\checker-compat-qual-2.0.0.jar;C:\Users\enach\.m2\repository\com\google\errorprone\error_prone_annotations\2.1.3\error_prone_annotations-2.1.3.jar;C:\Users\enach\.m2\repository\com\google\j2objc\j2objc-annotations\1.1\j2objc-annotations-1.1.jar;C:\Users\enach\.m2\repository\org\codehaus\mojo\animal-sniffer-annotations\1.14\animal-sniffer-annotations-1.14.jar;C:\Users\enach\.m2\repository\net\sourceforge\htmlunit\htmlunit\2.29\htmlunit-2.29.jar;C:\Users\enach\.m2\repository\net\sourceforge\htmlunit\htmlunit-core-js\2.28\htmlunit-core-js-2.28.jar;C:\Users\enach\.m2\repository\net\sourceforge\htmlunit\neko-htmlunit\2.28\neko-htmlunit-2.28.jar;C:\Users\enach\.m2\repository\org\apache\httpcomponents\httpclient\4.5.5\httpclient-4.5.5.jar;C:\Users\enach\.m2\repository\org\apache\httpcomponents\httpcore\4.4.9\httpcore-4.4.9.jar;C:\Users\enach\.m2\repository\org\apache\httpcomponents\httpmime\4.5.5\httpmime-4.5.5.jar;C:\Users\enach\.m2\repository\net\jcip\jcip-annotations\1.0\jcip-annotations-1.0.jar;C:\Users\enach\.m2\repository\org\seleniumhq\selenium\jetty-repacked\9.4.7.v20171121\jetty-repacked-9.4.7.v20171121.jar;C:\Users\enach\.m2\repository\org\eclipse\jetty\jetty-client\9.4.10.v20180503\jetty-client-9.4.10.v20180503.jar;C:\Users\enach\.m2\repository\org\eclipse\jetty\jetty-http\9.4.10.v20180503\jetty-http-9.4.10.v20180503.jar;C:\Users\enach\.m2\repository\org\eclipse\jetty\jetty-io\9.4.10.v20180503\jetty-io-9.4.10.v20180503.jar;C:\Users\enach\.m2\repository\org\eclipse\jetty\jetty-util\9.4.10.v20180503\jetty-util-9.4.10.v20180503.jar;C:\Users\enach\.m2\repository\org\eclipse\jetty\jetty-xml\9.4.10.v20180503\jetty-xml-9.4.10.v20180503.jar;C:\Users\enach\.m2\repository\com\squareup\okhttp3\okhttp\3.9.1\okhttp-3.9.1.jar;C:\Users\enach\.m2\repository\com\squareup\okio\okio\1.13.0\okio-1.13.0.jar;C:\Users\enach\.m2\repository\org\seleniumhq\selenium\htmlunit-driver\2.29.3\htmlunit-driver-2.29.3.jar;C:\Users\enach\.m2\repository\org\eclipse\jetty\websocket\websocket-api\9.4.10.v20180503\websocket-api-9.4.10.v20180503.jar;C:\Users\enach\.m2\repository\org\eclipse\jetty\websocket\websocket-client\9.4.10.v20180503\websocket-client-9.4.10.v20180503.jar;C:\Users\enach\.m2\repository\org\eclipse\jetty\websocket\websocket-common\9.4.10.v20180503\websocket-common-9.4.10.v20180503.jar;C:\Users\enach\.m2\repository\xalan\serializer\2.7.2\serializer-2.7.2.jar;C:\Users\enach\.m2\repository\xalan\xalan\2.7.2\xalan-2.7.2.jar;C:\Users\enach\.m2\repository\xerces\xercesImpl\2.11.0\xercesImpl-2.11.0.jar;C:\Users\enach\.m2\repository\xml-apis\xml-apis\1.4.01\xml-apis-1.4.01.jar;C:\Users\enach\.m2\repository\org\seleniumhq\selenium\selenium-remote-driver\3.11.0\selenium-remote-driver-3.11.0.jar;C:\Users\enach\.m2\repository\org\seleniumhq\selenium\selenium-java\3.11.0\selenium-java-3.11.0.jar;C:\Users\enach\.m2\repository\junit\junit\4.12\junit-4.12.jar;C:\Users\enach\.m2\repository\org\hamcrest\hamcrest-core\1.3\hamcrest-core-1.3.jar;C:\Users\enach\.m2\repository\org\easymock\easymock\3.1\easymock-3.1.jar;C:\Users\enach\.m2\repository\cglib\cglib-nodep\2.2.2\cglib-nodep-2.2.2.jar;C:\Users\enach\.m2\repository\org\objenesis\objenesis\1.2\objenesis-1.2.jar;C:\Users\enach\.m2\repository\com\vaadin\license-checker\1.0.0.final\license-checker-1.0.0.final.jar;C:\Users\enach\.m2\repository\com\vaadin\flow-html-components-testbench\1.0.0.rc1\flow-html-components-testbench-1.0.0.rc1.jar;C:\Users\enach\.m2\repository\com\vaadin\vaadin-components-testbench\1.0.0.rc1\vaadin-components-testbench-1.0.0.rc1.jar;C:\Users\enach\.m2\repository\com\vaadin\vaadin-board-testbench\2.0.0.rc1\vaadin-board-testbench-2.0.0.rc1.jar;C:\Users\enach\.m2\repository\com\vaadin\vaadin-charts-testbench\6.0.0.rc1\vaadin-charts-testbench-6.0.0.rc1.jar;"/>
    <property name="java.vm.vendor" value="Oracle Corporation"/>
    <property name="sun.arch.data.model" value="64"/>
    <property name="user.variant" value=""/>
    <property name="java.vendor.url" value="http://java.oracle.com/"/>
    <property name="user.timezone" value=""/>
    <property name="java.vm.specification.version" value="1.8"/>
    <property name="os.name" value="Windows 10"/>
    <property name="user.country" value="US"/>
    <property name="sun.java.launcher" value="SUN_STANDARD"/>
    <property name="sun.boot.library.path" value="C:\Program Files\Java\jdk1.8.0_161\jre\bin"/>
    <property name="sun.java.command" value="C:\Users\enach\AppData\Local\Temp\surefire8422457736782189273\surefirebooter3134175186859158979.jar C:\Users\enach\AppData\Local\Temp\surefire8422457736782189273 2018-06-15T14-30-49_956-jvmRun1 surefire5665002234303375786tmp surefire_06948223138460725954tmp"/>
    <property name="surefire.test.class.path" value="D:\OneDrive\JavaWorkspace\SewTeam\terminreservierungssystem\ccnn\target\test-classes;D:\OneDrive\JavaWorkspace\SewTeam\terminreservierungssystem\ccnn\target\classes;C:\Users\enach\.m2\repository\javax\servlet\javax.servlet-api\3.1.0\javax.servlet-api-3.1.0.jar;C:\Users\enach\.m2\repository\commons-logging\commons-logging\1.1.1\commons-logging-1.1.1.jar;C:\Users\enach\.m2\repository\com\h2database\h2\1.4.197\h2-1.4.197.jar;C:\Users\enach\.m2\repository\com\vaadin\vaadin\10.0.0.rc1\vaadin-10.0.0.rc1.jar;C:\Users\enach\.m2\repository\com\vaadin\vaadin-core\10.0.0.rc1\vaadin-core-10.0.0.rc1.jar;C:\Users\enach\.m2\repository\com\vaadin\flow-push\1.0.0.rc1\flow-push-1.0.0.rc1.jar;C:\Users\enach\.m2\repository\com\vaadin\external\atmosphere\atmosphere-runtime\2.4.24.vaadin1\atmosphere-runtime-2.4.24.vaadin1.jar;C:\Users\enach\.m2\repository\com\vaadin\external\slf4j\vaadin-slf4j-jdk14\1.6.1\vaadin-slf4j-jdk14-1.6.1.jar;C:\Users\enach\.m2\repository\com\vaadin\flow-client\1.0.0.rc1\flow-client-1.0.0.rc1.jar;C:\Users\enach\.m2\repository\com\vaadin\flow-html-components\1.0.0.rc1\flow-html-components-1.0.0.rc1.jar;C:\Users\enach\.m2\repository\com\vaadin\vaadin-lumo-theme\1.0.0.rc1\vaadin-lumo-theme-1.0.0.rc1.jar;C:\Users\enach\.m2\repository\org\webjars\bowergithub\vaadin\vaadin-lumo-styles\1.0.0\vaadin-lumo-styles-1.0.0.jar;C:\Users\enach\.m2\repository\org\webjars\bowergithub\polymerelements\iron-icon\2.1.0\iron-icon-2.1.0.jar;C:\Users\enach\.m2\repository\org\webjars\bowergithub\polymerelements\iron-flex-layout\2.0.3\iron-flex-layout-2.0.3.jar;C:\Users\enach\.m2\repository\org\webjars\bowergithub\polymerelements\iron-meta\2.1.1\iron-meta-2.1.1.jar;C:\Users\enach\.m2\repository\org\webjars\bowergithub\polymerelements\iron-iconset-svg\2.2.1\iron-iconset-svg-2.2.1.jar;C:\Users\enach\.m2\repository\com\vaadin\vaadin-button-flow\1.0.0.rc1\vaadin-button-flow-1.0.0.rc1.jar;C:\Users\enach\.m2\repository\org\webjars\bowergithub\vaadin\vaadin-button\2.0.1\vaadin-button-2.0.1.jar;C:\Users\enach\.m2\repository\org\webjars\bowergithub\vaadin\vaadin-control-state-mixin\2.0.3\vaadin-control-state-mixin-2.0.3.jar;C:\Users\enach\.m2\repository\com\vaadin\vaadin-checkbox-flow\1.0.0.rc1\vaadin-checkbox-flow-1.0.0.rc1.jar;C:\Users\enach\.m2\repository\org\webjars\bowergithub\vaadin\vaadin-checkbox\2.1.1\vaadin-checkbox-2.1.1.jar;C:\Users\enach\.m2\repository\com\vaadin\vaadin-combo-box-flow\1.0.0.rc1\vaadin-combo-box-flow-1.0.0.rc1.jar;C:\Users\enach\.m2\repository\org\webjars\bowergithub\vaadin\vaadin-combo-box\4.0.1\vaadin-combo-box-4.0.1.jar;C:\Users\enach\.m2\repository\org\webjars\bowergithub\polymerelements\iron-a11y-announcer\2.1.0\iron-a11y-announcer-2.1.0.jar;C:\Users\enach\.m2\repository\org\webjars\bowergithub\polymerelements\iron-a11y-keys-behavior\2.1.1\iron-a11y-keys-behavior-2.1.1.jar;C:\Users\enach\.m2\repository\org\webjars\bowergithub\vaadin\vaadin-item\2.0.0\vaadin-item-2.0.0.jar;C:\Users\enach\.m2\repository\org\webjars\bowergithub\vaadin\vaadin-overlay\3.0.3\vaadin-overlay-3.0.3.jar;C:\Users\enach\.m2\repository\org\webjars\bowergithub\polymerelements\iron-overlay-behavior\2.3.4\iron-overlay-behavior-2.3.4.jar;C:\Users\enach\.m2\repository\org\webjars\bowergithub\polymerelements\iron-fit-behavior\2.2.0\iron-fit-behavior-2.2.0.jar;C:\Users\enach\.m2\repository\com\vaadin\vaadin-date-picker-flow\1.0.0.rc2\vaadin-date-picker-flow-1.0.0.rc2.jar;C:\Users\enach\.m2\repository\org\webjars\bowergithub\vaadin\vaadin-date-picker\3.0.1\vaadin-date-picker-3.0.1.jar;C:\Users\enach\.m2\repository\org\webjars\bowergithub\polymerelements\iron-media-query\2.1.0\iron-media-query-2.1.0.jar;C:\Users\enach\.m2\repository\com\vaadin\vaadin-dialog-flow\1.0.0.rc1\vaadin-dialog-flow-1.0.0.rc1.jar;C:\Users\enach\.m2\repository\org\webjars\bowergithub\vaadin\vaadin-dialog\2.0.2\vaadin-dialog-2.0.2.jar;C:\Users\enach\.m2\repository\com\vaadin\vaadin-form-layout-flow\1.0.0.rc1\vaadin-form-layout-flow-1.0.0.rc1.jar;C:\Users\enach\.m2\repository\org\webjars\bowergithub\vaadin\vaadin-form-layout\2.0.1\vaadin-form-layout-2.0.1.jar;C:\Users\enach\.m2\repository\com\vaadin\vaadin-grid-flow\1.0.0.rc1\vaadin-grid-flow-1.0.0.rc1.jar;C:\Users\enach\.m2\repository\org\webjars\bowergithub\vaadin\vaadin-grid\5.0.4\vaadin-grid-5.0.4.jar;C:\Users\enach\.m2\repository\org\webjars\bowergithub\polymerelements\iron-scroll-target-behavior\2.1.1\iron-scroll-target-behavior-2.1.1.jar;C:\Users\enach\.m2\repository\org\apache\commons\commons-lang3\3.7\commons-lang3-3.7.jar;C:\Users\enach\.m2\repository\com\vaadin\vaadin-icons-flow\1.0.0.rc1\vaadin-icons-flow-1.0.0.rc1.jar;C:\Users\enach\.m2\repository\org\webjars\bowergithub\vaadin\vaadin-icons\4.1.4\vaadin-icons-4.1.4.jar;C:\Users\enach\.m2\repository\com\vaadin\vaadin-iron-list-flow\1.0.0.rc1\vaadin-iron-list-flow-1.0.0.rc1.jar;C:\Users\enach\.m2\repository\org\webjars\bowergithub\polymerelements\iron-list\2.0.12\iron-list-2.0.12.jar;C:\Users\enach\.m2\repository\com\vaadin\vaadin-list-box-flow\1.0.0.rc1\vaadin-list-box-flow-1.0.0.rc1.jar;C:\Users\enach\.m2\repository\org\webjars\bowergithub\vaadin\vaadin-list-box\1.0.2\vaadin-list-box-1.0.2.jar;C:\Users\enach\.m2\repository\org\webjars\bowergithub\vaadin\vaadin-list-mixin\2.0.0\vaadin-list-mixin-2.0.0.jar;C:\Users\enach\.m2\repository\com\vaadin\vaadin-ordered-layout-flow\1.0.0.rc1\vaadin-ordered-layout-flow-1.0.0.rc1.jar;C:\Users\enach\.m2\repository\org\webjars\bowergithub\vaadin\vaadin-ordered-layout\1.0.2\vaadin-ordered-layout-1.0.2.jar;C:\Users\enach\.m2\repository\com\vaadin\vaadin-progress-bar-flow\1.0.0.rc1\vaadin-progress-bar-flow-1.0.0.rc1.jar;C:\Users\enach\.m2\repository\org\webjars\bowergithub\vaadin\vaadin-progress-bar\1.0.0\vaadin-progress-bar-1.0.0.jar;C:\Users\enach\.m2\repository\com\vaadin\vaadin-radio-button-flow\1.0.0.rc1\vaadin-radio-button-flow-1.0.0.rc1.jar;C:\Users\enach\.m2\repository\org\webjars\bowergithub\vaadin\vaadin-radio-button\1.0.1\vaadin-radio-button-1.0.1.jar;C:\Users\enach\.m2\repository\com\vaadin\vaadin-split-layout-flow\1.0.0.rc1\vaadin-split-layout-flow-1.0.0.rc1.jar;C:\Users\enach\.m2\repository\org\webjars\bowergithub\vaadin\vaadin-split-layout\4.0.0\vaadin-split-layout-4.0.0.jar;C:\Users\enach\.m2\repository\com\vaadin\vaadin-tabs-flow\1.0.0.rc1\vaadin-tabs-flow-1.0.0.rc1.jar;C:\Users\enach\.m2\repository\org\webjars\bowergithub\vaadin\vaadin-tabs\2.0.0\vaadin-tabs-2.0.0.jar;C:\Users\enach\.m2\repository\com\vaadin\vaadin-text-field-flow\1.0.0.rc1\vaadin-text-field-flow-1.0.0.rc1.jar;C:\Users\enach\.m2\repository\org\webjars\bowergithub\vaadin\vaadin-text-field\2.0.1\vaadin-text-field-2.0.1.jar;C:\Users\enach\.m2\repository\com\vaadin\vaadin-upload-flow\1.0.0.rc1\vaadin-upload-flow-1.0.0.rc1.jar;C:\Users\enach\.m2\repository\org\webjars\bowergithub\vaadin\vaadin-upload\4.0.0\vaadin-upload-4.0.0.jar;C:\Users\enach\.m2\repository\com\vaadin\vaadin-notification-flow\1.0.0.rc1\vaadin-notification-flow-1.0.0.rc1.jar;C:\Users\enach\.m2\repository\org\webjars\bowergithub\vaadin\vaadin-notification\1.0.0\vaadin-notification-1.0.0.jar;C:\Users\enach\.m2\repository\com\vaadin\vaadin-charts-flow\6.0.0.rc1\vaadin-charts-flow-6.0.0.rc1.jar;C:\Users\enach\.m2\repository\com\vaadin\webjar\vaadin-charts\6.0.1\vaadin-charts-6.0.1.jar;C:\Users\enach\.m2\repository\org\webjars\bowergithub\vaadin\license-checker\2.0.1\license-checker-2.0.1.jar;C:\Users\enach\.m2\repository\org\webjars\bowergithub\vaadin\vaadin-themable-mixin\1.1.6\vaadin-themable-mixin-1.1.6.jar;C:\Users\enach\.m2\repository\org\webjars\bowergithub\vaadin\vaadin-element-mixin\1.0.2\vaadin-element-mixin-1.0.2.jar;C:\Users\enach\.m2\repository\org\webjars\bowergithub\vaadin\vaadin-usage-statistics\1.0.8\vaadin-usage-statistics-1.0.8.jar;C:\Users\enach\.m2\repository\org\webjars\bowergithub\vaadin\vaadin-development-mode-detector\1.0.3\vaadin-development-mode-detector-1.0.3.jar;C:\Users\enach\.m2\repository\com\fasterxml\jackson\core\jackson-databind\2.9.5\jackson-databind-2.9.5.jar;C:\Users\enach\.m2\repository\com\fasterxml\jackson\core\jackson-annotations\2.9.0\jackson-annotations-2.9.0.jar;C:\Users\enach\.m2\repository\com\fasterxml\jackson\core\jackson-core\2.9.5\jackson-core-2.9.5.jar;C:\Users\enach\.m2\repository\com\vaadin\vaadin-board-flow\2.0.0.rc1\vaadin-board-flow-2.0.0.rc1.jar;C:\Users\enach\.m2\repository\com\vaadin\webjar\vaadin-board\2.0.0\vaadin-board-2.0.0.jar;C:\Users\enach\.m2\repository\org\webjars\bowergithub\polymerelements\iron-resizable-behavior\2.1.0\iron-resizable-behavior-2.1.0.jar;C:\Users\enach\.m2\repository\com\vaadin\vaadin-spring\10.0.0.rc1\vaadin-spring-10.0.0.rc1.jar;C:\Users\enach\.m2\repository\com\vaadin\flow-server\1.0.0.rc1\flow-server-1.0.0.rc1.jar;C:\Users\enach\.m2\repository\org\slf4j\slf4j-api\1.7.25\slf4j-api-1.7.25.jar;C:\Users\enach\.m2\repository\com\google\gwt\gwt-elemental\2.8.2\gwt-elemental-2.8.2.jar;C:\Users\enach\.m2\repository\commons-fileupload\commons-fileupload\1.3.3\commons-fileupload-1.3.3.jar;C:\Users\enach\.m2\repository\commons-io\commons-io\2.5\commons-io-2.5.jar;C:\Users\enach\.m2\repository\org\jsoup\jsoup\1.10.3\jsoup-1.10.3.jar;C:\Users\enach\.m2\repository\com\helger\ph-css\6.1.1\ph-css-6.1.1.jar;C:\Users\enach\.m2\repository\com\helger\ph-commons\9.0.2\ph-commons-9.0.2.jar;C:\Users\enach\.m2\repository\com\google\code\findbugs\jsr305\3.0.2\jsr305-3.0.2.jar;C:\Users\enach\.m2\repository\net\bytebuddy\byte-buddy\1.7.11\byte-buddy-1.7.11.jar;C:\Users\enach\.m2\repository\com\googlecode\gentyref\gentyref\1.2.0\gentyref-1.2.0.jar;C:\Users\enach\.m2\repository\org\springframework\spring-webmvc\5.0.6.RELEASE\spring-webmvc-5.0.6.RELEASE.jar;C:\Users\enach\.m2\repository\org\springframework\spring-websocket\5.0.6.RELEASE\spring-websocket-5.0.6.RELEASE.jar;C:\Users\enach\.m2\repository\org\vaadin\artur\spring-data-provider\2.0.0\spring-data-provider-2.0.0.jar;C:\Users\enach\.m2\repository\com\vaadin\flow-data\1.0.0.rc1\flow-data-1.0.0.rc1.jar;C:\Users\enach\.m2\repository\javax\validation\validation-api\2.0.1.Final\validation-api-2.0.1.Final.jar;C:\Users\enach\.m2\repository\org\webjars\bowergithub\polymerelements\iron-form\2.1.3\iron-form-2.1.3.jar;C:\Users\enach\.m2\repository\org\webjars\bowergithub\polymer\polymer\2.6.0\polymer-2.6.0.jar;C:\Users\enach\.m2\repository\org\webjars\bowergithub\webcomponents\shadycss\1.2.1\shadycss-1.2.1.jar;C:\Users\enach\.m2\repository\org\webjars\bowergithub\webcomponents\webcomponentsjs\1.2.0\webcomponentsjs-1.2.0.jar;C:\Users\enach\.m2\repository\org\webjars\bowergithub\polymerelements\iron-ajax\2.1.3\iron-ajax-2.1.3.jar;C:\Users\enach\.m2\repository\org\springframework\boot\spring-boot\2.0.2.RELEASE\spring-boot-2.0.2.RELEASE.jar;C:\Users\enach\.m2\repository\org\springframework\spring-core\5.0.6.RELEASE\spring-core-5.0.6.RELEASE.jar;C:\Users\enach\.m2\repository\org\springframework\spring-jcl\5.0.6.RELEASE\spring-jcl-5.0.6.RELEASE.jar;C:\Users\enach\.m2\repository\org\springframework\spring-context\5.0.6.RELEASE\spring-context-5.0.6.RELEASE.jar;C:\Users\enach\.m2\repository\org\springframework\boot\spring-boot-autoconfigure\2.0.2.RELEASE\spring-boot-autoconfigure-2.0.2.RELEASE.jar;C:\Users\enach\.m2\repository\org\springframework\boot\spring-boot-starter-data-jpa\2.0.2.RELEASE\spring-boot-starter-data-jpa-2.0.2.RELEASE.jar;C:\Users\enach\.m2\repository\org\springframework\boot\spring-boot-starter\2.0.2.RELEASE\spring-boot-starter-2.0.2.RELEASE.jar;C:\Users\enach\.m2\repository\org\springframework\boot\spring-boot-starter-logging\2.0.2.RELEASE\spring-boot-starter-logging-2.0.2.RELEASE.jar;C:\Users\enach\.m2\repository\ch\qos\logback\logback-classic\1.2.3\logback-classic-1.2.3.jar;C:\Users\enach\.m2\repository\ch\qos\logback\logback-core\1.2.3\logback-core-1.2.3.jar;C:\Users\enach\.m2\repository\org\apache\logging\log4j\log4j-to-slf4j\2.10.0\log4j-to-slf4j-2.10.0.jar;C:\Users\enach\.m2\repository\org\apache\logging\log4j\log4j-api\2.10.0\log4j-api-2.10.0.jar;C:\Users\enach\.m2\repository\org\slf4j\jul-to-slf4j\1.7.25\jul-to-slf4j-1.7.25.jar;C:\Users\enach\.m2\repository\org\yaml\snakeyaml\1.19\snakeyaml-1.19.jar;C:\Users\enach\.m2\repository\org\springframework\boot\spring-boot-starter-aop\2.0.2.RELEASE\spring-boot-starter-aop-2.0.2.RELEASE.jar;C:\Users\enach\.m2\repository\org\aspectj\aspectjweaver\1.8.13\aspectjweaver-1.8.13.jar;C:\Users\enach\.m2\repository\org\springframework\boot\spring-boot-starter-jdbc\2.0.2.RELEASE\spring-boot-starter-jdbc-2.0.2.RELEASE.jar;C:\Users\enach\.m2\repository\com\zaxxer\HikariCP\2.7.9\HikariCP-2.7.9.jar;C:\Users\enach\.m2\repository\org\springframework\spring-jdbc\5.0.6.RELEASE\spring-jdbc-5.0.6.RELEASE.jar;C:\Users\enach\.m2\repository\org\hibernate\hibernate-core\5.2.17.Final\hibernate-core-5.2.17.Final.jar;C:\Users\enach\.m2\repository\org\jboss\logging\jboss-logging\3.3.2.Final\jboss-logging-3.3.2.Final.jar;C:\Users\enach\.m2\repository\org\hibernate\javax\persistence\hibernate-jpa-2.1-api\1.0.0.Final\hibernate-jpa-2.1-api-1.0.0.Final.jar;C:\Users\enach\.m2\repository\org\javassist\javassist\3.22.0-GA\javassist-3.22.0-GA.jar;C:\Users\enach\.m2\repository\antlr\antlr\2.7.7\antlr-2.7.7.jar;C:\Users\enach\.m2\repository\org\jboss\jandex\2.0.3.Final\jandex-2.0.3.Final.jar;C:\Users\enach\.m2\repository\com\fasterxml\classmate\1.3.4\classmate-1.3.4.jar;C:\Users\enach\.m2\repository\dom4j\dom4j\1.6.1\dom4j-1.6.1.jar;C:\Users\enach\.m2\repository\org\hibernate\common\hibernate-commons-annotations\5.0.1.Final\hibernate-commons-annotations-5.0.1.Final.jar;C:\Users\enach\.m2\repository\javax\transaction\javax.transaction-api\1.2\javax.transaction-api-1.2.jar;C:\Users\enach\.m2\repository\org\springframework\data\spring-data-jpa\2.0.7.RELEASE\spring-data-jpa-2.0.7.RELEASE.jar;C:\Users\enach\.m2\repository\org\springframework\data\spring-data-commons\2.0.7.RELEASE\spring-data-commons-2.0.7.RELEASE.jar;C:\Users\enach\.m2\repository\org\springframework\spring-orm\5.0.6.RELEASE\spring-orm-5.0.6.RELEASE.jar;C:\Users\enach\.m2\repository\org\springframework\spring-tx\5.0.6.RELEASE\spring-tx-5.0.6.RELEASE.jar;C:\Users\enach\.m2\repository\org\springframework\spring-aspects\5.0.6.RELEASE\spring-aspects-5.0.6.RELEASE.jar;C:\Users\enach\.m2\repository\org\springframework\spring-web\5.0.6.RELEASE\spring-web-5.0.6.RELEASE.jar;C:\Users\enach\.m2\repository\org\springframework\spring-beans\5.0.6.RELEASE\spring-beans-5.0.6.RELEASE.jar;C:\Users\enach\.m2\repository\org\springframework\boot\spring-boot-starter-tomcat\2.0.2.RELEASE\spring-boot-starter-tomcat-2.0.2.RELEASE.jar;C:\Users\enach\.m2\repository\javax\annotation\javax.annotation-api\1.3.2\javax.annotation-api-1.3.2.jar;C:\Users\enach\.m2\repository\org\apache\tomcat\embed\tomcat-embed-core\8.5.31\tomcat-embed-core-8.5.31.jar;C:\Users\enach\.m2\repository\org\apache\tomcat\embed\tomcat-embed-el\8.5.31\tomcat-embed-el-8.5.31.jar;C:\Users\enach\.m2\repository\org\apache\tomcat\embed\tomcat-embed-websocket\8.5.31\tomcat-embed-websocket-8.5.31.jar;C:\Users\enach\.m2\repository\org\springframework\security\spring-security-web\5.0.5.RELEASE\spring-security-web-5.0.5.RELEASE.jar;C:\Users\enach\.m2\repository\org\springframework\security\spring-security-core\5.0.5.RELEASE\spring-security-core-5.0.5.RELEASE.jar;C:\Users\enach\.m2\repository\org\springframework\spring-aop\5.0.6.RELEASE\spring-aop-5.0.6.RELEASE.jar;C:\Users\enach\.m2\repository\org\springframework\spring-expression\5.0.6.RELEASE\spring-expression-5.0.6.RELEASE.jar;C:\Users\enach\.m2\repository\org\springframework\security\spring-security-config\5.0.5.RELEASE\spring-security-config-5.0.5.RELEASE.jar;C:\Users\enach\.m2\repository\org\springframework\boot\spring-boot-starter-web\2.0.2.RELEASE\spring-boot-starter-web-2.0.2.RELEASE.jar;C:\Users\enach\.m2\repository\org\springframework\boot\spring-boot-starter-json\2.0.2.RELEASE\spring-boot-starter-json-2.0.2.RELEASE.jar;C:\Users\enach\.m2\repository\com\fasterxml\jackson\datatype\jackson-datatype-jdk8\2.9.5\jackson-datatype-jdk8-2.9.5.jar;C:\Users\enach\.m2\repository\com\fasterxml\jackson\datatype\jackson-datatype-jsr310\2.9.5\jackson-datatype-jsr310-2.9.5.jar;C:\Users\enach\.m2\repository\com\fasterxml\jackson\module\jackson-module-parameter-names\2.9.5\jackson-module-parameter-names-2.9.5.jar;C:\Users\enach\.m2\repository\org\hibernate\validator\hibernate-validator\6.0.9.Final\hibernate-validator-6.0.9.Final.jar;C:\Users\enach\.m2\repository\javax\xml\bind\jaxb-api\2.3.0\jaxb-api-2.3.0.jar;C:\Users\enach\.m2\repository\org\reactivestreams\reactive-streams\1.0.2\reactive-streams-1.0.2.jar;C:\Users\enach\.m2\repository\com\vaadin\vaadin-testbench\10.0.0.rc1\vaadin-testbench-10.0.0.rc1.jar;C:\Users\enach\.m2\repository\com\vaadin\vaadin-testbench-core\6.0.0.rc1\vaadin-testbench-core-6.0.0.rc1.jar;C:\Users\enach\.m2\repository\org\seleniumhq\selenium\selenium-server\3.11.0\selenium-server-3.11.0.jar;C:\Users\enach\.m2\repository\org\seleniumhq\selenium\selenium-api\3.11.0\selenium-api-3.11.0.jar;C:\Users\enach\.m2\repository\org\seleniumhq\selenium\selenium-chrome-driver\3.11.0\selenium-chrome-driver-3.11.0.jar;C:\Users\enach\.m2\repository\org\seleniumhq\selenium\selenium-edge-driver\3.11.0\selenium-edge-driver-3.11.0.jar;C:\Users\enach\.m2\repository\org\seleniumhq\selenium\selenium-firefox-driver\3.11.0\selenium-firefox-driver-3.11.0.jar;C:\Users\enach\.m2\repository\org\seleniumhq\selenium\selenium-ie-driver\3.11.0\selenium-ie-driver-3.11.0.jar;C:\Users\enach\.m2\repository\org\seleniumhq\selenium\selenium-opera-driver\3.11.0\selenium-opera-driver-3.11.0.jar;C:\Users\enach\.m2\repository\org\seleniumhq\selenium\selenium-safari-driver\3.11.0\selenium-safari-driver-3.11.0.jar;C:\Users\enach\.m2\repository\org\seleniumhq\selenium\selenium-support\3.11.0\selenium-support-3.11.0.jar;C:\Users\enach\.m2\repository\com\beust\jcommander\1.72\jcommander-1.72.jar;C:\Users\enach\.m2\repository\org\apache\commons\commons-exec\1.3\commons-exec-1.3.jar;C:\Users\enach\.m2\repository\org\apache\commons\commons-text\1.1\commons-text-1.1.jar;C:\Users\enach\.m2\repository\commons-codec\commons-codec\1.11\commons-codec-1.11.jar;C:\Users\enach\.m2\repository\commons-net\commons-net\3.6\commons-net-3.6.jar;C:\Users\enach\.m2\repository\org\w3c\css\sac\1.3\sac-1.3.jar;C:\Users\enach\.m2\repository\net\sourceforge\cssparser\cssparser\0.9.24\cssparser-0.9.24.jar;C:\Users\enach\.m2\repository\com\google\code\gson\gson\2.8.4\gson-2.8.4.jar;C:\Users\enach\.m2\repository\com\google\guava\guava\23.6-jre\guava-23.6-jre.jar;C:\Users\enach\.m2\repository\org\checkerframework\checker-compat-qual\2.0.0\checker-compat-qual-2.0.0.jar;C:\Users\enach\.m2\repository\com\google\errorprone\error_prone_annotations\2.1.3\error_prone_annotations-2.1.3.jar;C:\Users\enach\.m2\repository\com\google\j2objc\j2objc-annotations\1.1\j2objc-annotations-1.1.jar;C:\Users\enach\.m2\repository\org\codehaus\mojo\animal-sniffer-annotations\1.14\animal-sniffer-annotations-1.14.jar;C:\Users\enach\.m2\repository\net\sourceforge\htmlunit\htmlunit\2.29\htmlunit-2.29.jar;C:\Users\enach\.m2\repository\net\sourceforge\htmlunit\htmlunit-core-js\2.28\htmlunit-core-js-2.28.jar;C:\Users\enach\.m2\repository\net\sourceforge\htmlunit\neko-htmlunit\2.28\neko-htmlunit-2.28.jar;C:\Users\enach\.m2\repository\org\apache\httpcomponents\httpclient\4.5.5\httpclient-4.5.5.jar;C:\Users\enach\.m2\repository\org\apache\httpcomponents\httpcore\4.4.9\httpcore-4.4.9.jar;C:\Users\enach\.m2\repository\org\apache\httpcomponents\httpmime\4.5.5\httpmime-4.5.5.jar;C:\Users\enach\.m2\repository\net\jcip\jcip-annotations\1.0\jcip-annotations-1.0.jar;C:\Users\enach\.m2\repository\org\seleniumhq\selenium\jetty-repacked\9.4.7.v20171121\jetty-repacked-9.4.7.v20171121.jar;C:\Users\enach\.m2\repository\org\eclipse\jetty\jetty-client\9.4.10.v20180503\jetty-client-9.4.10.v20180503.jar;C:\Users\enach\.m2\repository\org\eclipse\jetty\jetty-http\9.4.10.v20180503\jetty-http-9.4.10.v20180503.jar;C:\Users\enach\.m2\repository\org\eclipse\jetty\jetty-io\9.4.10.v20180503\jetty-io-9.4.10.v20180503.jar;C:\Users\enach\.m2\repository\org\eclipse\jetty\jetty-util\9.4.10.v20180503\jetty-util-9.4.10.v20180503.jar;C:\Users\enach\.m2\repository\org\eclipse\jetty\jetty-xml\9.4.10.v20180503\jetty-xml-9.4.10.v20180503.jar;C:\Users\enach\.m2\repository\com\squareup\okhttp3\okhttp\3.9.1\okhttp-3.9.1.jar;C:\Users\enach\.m2\repository\com\squareup\okio\okio\1.13.0\okio-1.13.0.jar;C:\Users\enach\.m2\repository\org\seleniumhq\selenium\htmlunit-driver\2.29.3\htmlunit-driver-2.29.3.jar;C:\Users\enach\.m2\repository\org\eclipse\jetty\websocket\websocket-api\9.4.10.v20180503\websocket-api-9.4.10.v20180503.jar;C:\Users\enach\.m2\repository\org\eclipse\jetty\websocket\websocket-client\9.4.10.v20180503\websocket-client-9.4.10.v20180503.jar;C:\Users\enach\.m2\repository\org\eclipse\jetty\websocket\websocket-common\9.4.10.v20180503\websocket-common-9.4.10.v20180503.jar;C:\Users\enach\.m2\repository\xalan\serializer\2.7.2\serializer-2.7.2.jar;C:\Users\enach\.m2\repository\xalan\xalan\2.7.2\xalan-2.7.2.jar;C:\Users\enach\.m2\repository\xerces\xercesImpl\2.11.0\xercesImpl-2.11.0.jar;C:\Users\enach\.m2\repository\xml-apis\xml-apis\1.4.01\xml-apis-1.4.01.jar;C:\Users\enach\.m2\repository\org\seleniumhq\selenium\selenium-remote-driver\3.11.0\selenium-remote-driver-3.11.0.jar;C:\Users\enach\.m2\repository\org\seleniumhq\selenium\selenium-java\3.11.0\selenium-java-3.11.0.jar;C:\Users\enach\.m2\repository\junit\junit\4.12\junit-4.12.jar;C:\Users\enach\.m2\repository\org\hamcrest\hamcrest-core\1.3\hamcrest-core-1.3.jar;C:\Users\enach\.m2\repository\org\easymock\easymock\3.1\easymock-3.1.jar;C:\Users\enach\.m2\repository\cglib\cglib-nodep\2.2.2\cglib-nodep-2.2.2.jar;C:\Users\enach\.m2\repository\org\objenesis\objenesis\1.2\objenesis-1.2.jar;C:\Users\enach\.m2\repository\com\vaadin\license-checker\1.0.0.final\license-checker-1.0.0.final.jar;C:\Users\enach\.m2\repository\com\vaadin\flow-html-components-testbench\1.0.0.rc1\flow-html-components-testbench-1.0.0.rc1.jar;C:\Users\enach\.m2\repository\com\vaadin\vaadin-components-testbench\1.0.0.rc1\vaadin-components-testbench-1.0.0.rc1.jar;C:\Users\enach\.m2\repository\com\vaadin\vaadin-board-testbench\2.0.0.rc1\vaadin-board-testbench-2.0.0.rc1.jar;C:\Users\enach\.m2\repository\com\vaadin\vaadin-charts-testbench\6.0.0.rc1\vaadin-charts-testbench-6.0.0.rc1.jar;"/>
    <property name="sun.cpu.endian" value="little"/>
    <property name="user.home" value="C:\Users\enach"/>
    <property name="user.language" value="en"/>
    <property name="java.specification.vendor" value="Oracle Corporation"/>
    <property name="java.home" value="C:\Program Files\Java\jdk1.8.0_161\jre"/>
    <property name="basedir" value="D:\OneDrive\JavaWorkspace\SewTeam\terminreservierungssystem\ccnn"/>
    <property name="file.separator" value="\"/>
    <property name="line.separator" value="&#10;"/>
    <property name="java.vm.specification.vendor" value="Oracle Corporation"/>
    <property name="java.specification.name" value="Java Platform API Specification"/>
    <property name="java.awt.graphicsenv" value="sun.awt.Win32GraphicsEnvironment"/>
    <property name="surefire.real.class.path" value="C:\Users\enach\AppData\Local\Temp\surefire8422457736782189273\surefirebooter3134175186859158979.jar"/>
    <property name="sun.boot.class.path" value="C:\Program Files\Java\jdk1.8.0_161\jre\lib\resources.jar;C:\Program Files\Java\jdk1.8.0_161\jre\lib\rt.jar;C:\Program Files\Java\jdk1.8.0_161\jre\lib\sunrsasign.jar;C:\Program Files\Java\jdk1.8.0_161\jre\lib\jsse.jar;C:\Program Files\Java\jdk1.8.0_161\jre\lib\jce.jar;C:\Program Files\Java\jdk1.8.0_161\jre\lib\charsets.jar;C:\Program Files\Java\jdk1.8.0_161\jre\lib\jfr.jar;C:\Program Files\Java\jdk1.8.0_161\jre\classes"/>
    <property name="user.script" value=""/>
    <property name="sun.management.compiler" value="HotSpot 64-Bit Tiered Compilers"/>
    <property name="java.runtime.version" value="1.8.0_161-b12"/>
    <property name="user.name" value="enach"/>
    <property name="path.separator" value=";"/>
    <property name="os.version" value="10.0"/>
    <property name="java.endorsed.dirs" value="C:\Program Files\Java\jdk1.8.0_161\jre\lib\endorsed"/>
    <property name="java.runtime.name" value="Java(TM) SE Runtime Environment"/>
    <property name="file.encoding" value="Cp1252"/>
    <property name="java.vm.name" value="Java HotSpot(TM) 64-Bit Server VM"/>
    <property name="localRepository" value="C:\Users\enach\.m2\repository"/>
    <property name="java.vendor.url.bug" value="http://bugreport.sun.com/bugreport/"/>
    <property name="java.io.tmpdir" value="C:\Users\enach\AppData\Local\Temp\"/>
    <property name="java.version" value="1.8.0_161"/>
    <property name="user.dir" value="D:\OneDrive\JavaWorkspace\SewTeam\terminreservierungssystem\ccnn"/>
    <property name="os.arch" value="amd64"/>
    <property name="java.vm.specification.name" value="Java Virtual Machine Specification"/>
    <property name="java.awt.printerjob" value="sun.awt.windows.WPrinterJob"/>
    <property name="sun.os.patch.level" value=""/>
    <property name="java.library.path" value="C:\Program Files\Java\jdk1.8.0_161\jre\bin;C:\WINDOWS\Sun\Java\bin;C:\WINDOWS\system32;C:\WINDOWS;C:\Program Files\Java\jdk1.8.0_161\bin;C:\Program Files (x86)\Common Files\Oracle\Java\javapath;C:\Windows\system32;C:\Windows;C:\Windows\System32\Wbem;C:\Windows\System32\WindowsPowerShell\v1.0\;C:\Program Files\Intel\WiFi\bin\;C:\Program Files\Common Files\Intel\WirelessCommon\;C:\Program Files (x86)\NVIDIA Corporation\PhysX\Common;C:\TDM-GCC-64\bin;C:\Program Files\dotnet\;C:\Program Files\Microsoft SQL Server\130\Tools\Binn\;C:\Program Files\PuTTY\;C:\Program Files\nodejs\;C:\Program Files (x86)\STMicroelectronics\STM32 ST-LINK Utility\ST-LINK Utility;C:\HashiCorp\Vagrant\bin;C:\WINDOWS\system32;C:\WINDOWS;C:\WINDOWS\System32\Wbem;C:\WINDOWS\System32\WindowsPowerShell\v1.0\;C:\WINDOWS\System32\OpenSSH\;C:\Gradle\gradle-4.8\bin;C:\Users\enach\AppData\Local\Programs\Python\Python36\Scripts\;C:\Users\enach\AppData\Local\Programs\Python\Python36\;C:\Users\enach\AppData\Local\Microsoft\WindowsApps;C:\Users\enach\AppData\Local\atom\bin;C:\Program Files\Intel\WiFi\bin\;C:\Program Files\Common Files\Intel\WirelessCommon\;C:\Users\enach\AppData\Local\GitHubDesktop\bin;C:\Users\enach\AppData\Roaming\npm;D:\Dowloads\apache-maven-3.5.3-bin\apache-maven-3.5.3\bin;;C:\Users\enach\AppData\Local\Microsoft\WindowsApps;C:\Program Files (x86)\Nmap;."/>
    <property name="java.vm.info" value="mixed mode"/>
    <property name="java.vendor" value="Oracle Corporation"/>
    <property name="java.vm.version" value="25.161-b12"/>
    <property name="java.ext.dirs" value="C:\Program Files\Java\jdk1.8.0_161\jre\lib\ext;C:\WINDOWS\Sun\Java\lib\ext"/>
    <property name="sun.io.unicode.encoding" value="UnicodeLittle"/>
    <property name="java.class.version" value="52.0"/>
  </properties>
  <testcase name="formattingShoudBeLocaleIndependent" classname="com.gmail.semih.ui.utils.converters.LocalTimeConverterTest" time="0"/>
</testsuite>